<?xml version="1.0" encoding="utf-8" ?>
<test-results name="Jasmine Results" total="1" failures="1" not-run="0" date="2015-09-26" time="21:03:24">
 <test-suite name="Test SPListRepository" executed="true" success="false" time="0.477">
  <results>
   <test-case name="should get item by id" executed="true" success="false" time="0.474">
    <failure>
     <message><![CDATA[Expected e({ stackTrace: undefined, message: 'Item does not exist. It may have been deleted by another user.', correlation: 'fbcf319d-83c4-109f-551b-2f0d04611ce6', errorCode: -2147024809, details: undefined, errorType: 'System.ArgumentException' }) to be undefined.]]></message>
     <stack-trace><![CDATA[Error: Expected e({ stackTrace: undefined, message: 'Item does not exist. It may have been deleted by another user.', correlation: 'fbcf319d-83c4-109f-551b-2f0d04611ce6', errorCode: -2147024809, details: undefined, errorType: 'System.ArgumentException' }) to be undefined.
    at stack (./../node_modules/jasmine-core/lib/jasmine-core/jasmine.js:1482)
    at buildExpectationResult (./../node_modules/jasmine-core/lib/jasmine-core/jasmine.js:1452)
    at ./../node_modules/jasmine-core/lib/jasmine-core/jasmine.js:583
    at ./../node_modules/jasmine-core/lib/jasmine-core/jasmine.js:324
    at addExpectationResult (./../node_modules/jasmine-core/lib/jasmine-core/jasmine.js:533)
    at ./../node_modules/jasmine-core/lib/jasmine-core/jasmine.js:1413
    at c:\Projects\SPListRepository\tests\js\spec.js:11
    at ./tests/lib/jquery.js:2
    at ./tests/lib/jquery.js:2
    at ./tests/lib/jquery.js:2
    at ./build/sp.list.repository.min.js:1
    at http://sp2013dev/ScriptResource.axd?d=xY0IFiUqQo_2XkQsAMnhzhUZcMiYUJlUjnveu_YZ5bc9yVNqd3ZFvoHvqno-UF0OcJYo-sa69z0dnczEMBmNwLbya_Om_AEw4OLnggJfh-yOCJYRuRXsDa5FQtIJY8N5L-YmZjpjBbBKI3l88dMQ7UAI50d19KXanPksjQkw9JPUafRSn367GQZ5-plbSiKg0&t=ffffffff88e65ea0:3484
    at SP_ClientRequest$$h_0 (http://sp2013dev/_layouts/15/sp.runtime.debug.js?rev=VFkBZgkYpbAZS6abSrBqIg%3D%3D:2613)
    at SP_ClientRequest$$32_0 (http://sp2013dev/_layouts/15/sp.runtime.debug.js?rev=VFkBZgkYpbAZS6abSrBqIg%3D%3D:2668)
    at http://sp2013dev/ScriptResource.axd?d=xY0IFiUqQo_2XkQsAMnhzhUZcMiYUJlUjnveu_YZ5bc9yVNqd3ZFvoHvqno-UF0OcJYo-sa69z0dnczEMBmNwLbya_Om_AEw4OLnggJfh-yOCJYRuRXsDa5FQtIJY8N5L-YmZjpjBbBKI3l88dMQ7UAI50d19KXanPksjQkw9JPUafRSn367GQZ5-plbSiKg0&t=ffffffff88e65ea0:47
    at http://sp2013dev/ScriptResource.axd?d=xY0IFiUqQo_2XkQsAMnhzhUZcMiYUJlUjnveu_YZ5bc9yVNqd3ZFvoHvqno-UF0OcJYo-sa69z0dnczEMBmNwLbya_Om_AEw4OLnggJfh-yOCJYRuRXsDa5FQtIJY8N5L-YmZjpjBbBKI3l88dMQ7UAI50d19KXanPksjQkw9JPUafRSn367GQZ5-plbSiKg0&t=ffffffff88e65ea0:3484
    at Sys$Net$WebRequest$completed (http://sp2013dev/ScriptResource.axd?d=xY0IFiUqQo_2XkQsAMnhzhUZcMiYUJlUjnveu_YZ5bc9yVNqd3ZFvoHvqno-UF0OcJYo-sa69z0dnczEMBmNwLbya_Om_AEw4OLnggJfh-yOCJYRuRXsDa5FQtIJY8N5L-YmZjpjBbBKI3l88dMQ7UAI50d19KXanPksjQkw9JPUafRSn367GQZ5-plbSiKg0&t=ffffffff88e65ea0:6376)
    at http://sp2013dev/ScriptResource.axd?d=xY0IFiUqQo_2XkQsAMnhzhUZcMiYUJlUjnveu_YZ5bc9yVNqd3ZFvoHvqno-UF0OcJYo-sa69z0dnczEMBmNwLbya_Om_AEw4OLnggJfh-yOCJYRuRXsDa5FQtIJY8N5L-YmZjpjBbBKI3l88dMQ7UAI50d19KXanPksjQkw9JPUafRSn367GQZ5-plbSiKg0&t=ffffffff88e65ea0:5996]]></stack-trace>
    </failure>
   </test-case>
  </results>
 </test-suite>
</test-results>